[15Jun2025 00:01:35.595] [Server thread/WARN] [net.minecraft.server.network.ServerGamePacketListenerImpl/]: Spectral Steed (vehicle of Zairac74509) moved wrongly! 0.31145509481723366
[15Jun2025 00:01:51.119] [Server thread/WARN] [net.minecraft.server.network.ServerGamePacketListenerImpl/]: Spectral Steed (vehicle of Zairac74509) moved wrongly! 0.7015870684341508
[15Jun2025 00:01:51.172] [Server thread/WARN] [net.minecraft.server.network.ServerGamePacketListenerImpl/]: Spectral Steed (vehicle of Zairac74509) moved wrongly! 1.6233242217670067
[15Jun2025 00:01:51.201] [Server thread/WARN] [net.minecraft.server.network.ServerGamePacketListenerImpl/]: Spectral Steed (vehicle of Zairac74509) moved wrongly! 2.549787845715173
[15Jun2025 00:01:51.271] [Server thread/WARN] [net.minecraft.server.network.ServerGamePacketListenerImpl/]: Spectral Steed (vehicle of Zairac74509) moved wrongly! 3.473045769994542
[15Jun2025 00:01:51.322] [Server thread/WARN] [net.minecraft.server.network.ServerGamePacketListenerImpl/]: Spectral Steed (vehicle of Zairac74509) moved wrongly! 4.378497287060668
[15Jun2025 00:02:25.077] [Server thread/WARN] [net.minecraft.server.network.ServerGamePacketListenerImpl/]: Spectral Steed (vehicle of Zairac74509) moved wrongly! 0.28567100515462585
[15Jun2025 00:02:25.095] [Server thread/WARN] [net.minecraft.server.network.ServerGamePacketListenerImpl/]: Spectral Steed (vehicle of Zairac74509) moved wrongly! 1.2264969727663981
[15Jun2025 00:02:26.522] [Server thread/WARN] [net.minecraft.server.network.ServerGamePacketListenerImpl/]: Spectral Steed (vehicle of Zairac74509) moved wrongly! 0.27825298295572054
[15Jun2025 00:02:26.546] [Server thread/WARN] [net.minecraft.server.network.ServerGamePacketListenerImpl/]: Spectral Steed (vehicle of Zairac74509) moved wrongly! 1.0855318167314323
[15Jun2025 00:02:26.627] [Server thread/WARN] [net.minecraft.server.network.ServerGamePacketListenerImpl/]: Spectral Steed (vehicle of Zairac74509) moved wrongly! 1.9133599254274856
[15Jun2025 00:02:26.675] [Server thread/WARN] [net.minecraft.server.network.ServerGamePacketListenerImpl/]: Spectral Steed (vehicle of Zairac74509) moved wrongly! 2.7546838059925136
[15Jun2025 00:02:26.743] [Server thread/WARN] [net.minecraft.server.network.ServerGamePacketListenerImpl/]: Spectral Steed (vehicle of Zairac74509) moved wrongly! 3.603229005007975
[15Jun2025 00:02:26.744] [Server thread/WARN] [net.minecraft.server.network.ServerGamePacketListenerImpl/]: Spectral Steed (vehicle of Zairac74509) moved wrongly! 4.0
[15Jun2025 00:02:26.926] [Server thread/WARN] [net.minecraft.server.network.ServerGamePacketListenerImpl/]: Spectral Steed (vehicle of Zairac74509) moved wrongly! 0.2742075206879804
[15Jun2025 00:02:26.974] [Server thread/WARN] [net.minecraft.server.network.ServerGamePacketListenerImpl/]: Spectral Steed (vehicle of Zairac74509) moved wrongly! 0.33501214501053767
[15Jun2025 00:02:28.892] [Server thread/WARN] [net.minecraft.server.network.ServerGamePacketListenerImpl/]: Spectral Steed (vehicle of Zairac74509) moved wrongly! 0.6083981612160625
[15Jun2025 00:02:32.829] [Server thread/WARN] [net.minecraft.server.network.ServerGamePacketListenerImpl/]: Spectral Steed (vehicle of Zairac74509) moved wrongly! 0.4283649695140639
[15Jun2025 00:02:32.879] [Server thread/WARN] [net.minecraft.server.network.ServerGamePacketListenerImpl/]: Spectral Steed (vehicle of Zairac74509) moved wrongly! 1.2816926091486494
[15Jun2025 00:02:33.033] [Server thread/WARN] [net.minecraft.server.network.ServerGamePacketListenerImpl/]: Spectral Steed (vehicle of Zairac74509) moved wrongly! 1.797662845389027
[15Jun2025 00:02:33.074] [Server thread/WARN] [net.minecraft.server.network.ServerGamePacketListenerImpl/]: Spectral Steed (vehicle of Zairac74509) moved wrongly! 1.4983586623264955
[15Jun2025 00:02:33.088] [Server thread/WARN] [net.minecraft.server.network.ServerGamePacketListenerImpl/]: Spectral Steed (vehicle of Zairac74509) moved wrongly! 1.797662845389027
[15Jun2025 00:02:33.099] [Server thread/WARN] [net.minecraft.server.network.ServerGamePacketListenerImpl/]: Spectral Steed (vehicle of Zairac74509) moved wrongly! 1.517081752038962
[15Jun2025 00:02:33.176] [Server thread/WARN] [net.minecraft.server.network.ServerGamePacketListenerImpl/]: Spectral Steed (vehicle of Zairac74509) moved wrongly! 1.1538239998807285
[15Jun2025 00:02:33.227] [Server thread/WARN] [net.minecraft.server.network.ServerGamePacketListenerImpl/]: Spectral Steed (vehicle of Zairac74509) moved wrongly! 0.7264185243582233
[15Jun2025 00:02:33.425] [Server thread/WARN] [net.minecraft.server.network.ServerGamePacketListenerImpl/]: Spectral Steed (vehicle of Zairac74509) moved wrongly! 0.7383014051752212
[15Jun2025 00:02:33.425] [Server thread/WARN] [net.minecraft.server.network.ServerGamePacketListenerImpl/]: Spectral Steed (vehicle of Zairac74509) moved wrongly! 0.7383014051752212
[15Jun2025 00:04:19.382] [Server thread/INFO] [net.minecraft.server.MinecraftServer/]: Zairac74509 was frozen by a dragon
[15Jun2025 00:06:24.856] [Server thread/WARN] [net.minecraft.world.level.entity.PersistentEntitySectionManager/]: UUID of added entity already exists: Drowned['Drowned'/27971, l='ServerLevel[world]', x=1.50, y=54.00, z=-115.50]
[15Jun2025 00:07:15.732] [Server thread/WARN] [net.minecraft.world.level.entity.PersistentEntitySectionManager/]: UUID of added entity already exists: SummonedHorse['Spectral Steed'/25280, l='ServerLevel[world]', x=15.12, y=71.00, z=-479.01]
[15Jun2025 00:09:24.155] [Server thread/WARN] [net.minecraft.server.network.ServerGamePacketListenerImpl/]: Spectral Steed (vehicle of camilxdk1) moved wrongly! 0.2520372767147592
[15Jun2025 00:09:24.187] [Server thread/WARN] [net.minecraft.server.network.ServerGamePacketListenerImpl/]: Spectral Steed (vehicle of camilxdk1) moved wrongly! 0.5537520539522802
[15Jun2025 00:11:09.088] [Server thread/INFO] [net.minecraft.server.network.ServerGamePacketListenerImpl/]: camilxdk1 lost connection: Timed out
[15Jun2025 00:11:09.088] [Server thread/INFO] [net.minecraft.server.MinecraftServer/]: camilxdk1 left the game
[15Jun2025 00:11:09.088] [Server thread/INFO] [voicechat/]: [voicechat] Disconnecting client camilxdk1
[15Jun2025 00:12:50.371] [Server thread/INFO] [net.minecraft.server.network.ServerLoginPacketListenerImpl/]: com.mojang.authlib.GameProfile@73f8c827[id=<null>,name=camilxdk1,properties={},legacy=false] (/127.251.208.206:43647) lost connection: Disconnected
[15Jun2025 00:13:07.871] [Server thread/INFO] [net.minecraft.server.network.ServerLoginPacketListenerImpl/]: com.mojang.authlib.GameProfile@1a4f42a5[id=<null>,name=camilxdk1,properties={},legacy=false] (/127.251.208.206:43623) lost connection: Disconnected
[15Jun2025 00:13:20.715] [Server thread/INFO] [net.minecraft.server.network.ServerLoginPacketListenerImpl/]: com.mojang.authlib.GameProfile@796e87af[id=<null>,name=camilxdk1,properties={},legacy=false] (/127.251.208.206:49353) lost connection: Disconnected
[15Jun2025 00:13:43.467] [Server thread/WARN] [net.minecraft.server.network.ServerGamePacketListenerImpl/]: Spectral Steed (vehicle of Zairac74509) moved wrongly! 0.46873398919969644
[15Jun2025 00:13:43.519] [Server thread/WARN] [net.minecraft.server.network.ServerGamePacketListenerImpl/]: Spectral Steed (vehicle of Zairac74509) moved wrongly! 1.3859385365816845
[15Jun2025 00:13:43.569] [Server thread/WARN] [net.minecraft.server.network.ServerGamePacketListenerImpl/]: Spectral Steed (vehicle of Zairac74509) moved wrongly! 0.9794249332086338
[15Jun2025 00:13:43.622] [Server thread/WARN] [net.minecraft.server.network.ServerGamePacketListenerImpl/]: Spectral Steed (vehicle of Zairac74509) moved wrongly! 1.325731075231431
[15Jun2025 00:13:43.671] [Server thread/WARN] [net.minecraft.server.network.ServerGamePacketListenerImpl/]: Spectral Steed (vehicle of Zairac74509) moved wrongly! 1.884848207933684
[15Jun2025 00:13:43.689] [Server thread/WARN] [net.minecraft.server.network.ServerGamePacketListenerImpl/]: Spectral Steed (vehicle of Zairac74509) moved wrongly! 2.680606264558699
[15Jun2025 00:13:43.768] [Server thread/WARN] [net.minecraft.server.network.ServerGamePacketListenerImpl/]: Spectral Steed (vehicle of Zairac74509) moved wrongly! 3.5554821615373893
[15Jun2025 00:13:55.018] [Server thread/INFO] [net.minecraft.server.network.ServerLoginPacketListenerImpl/]: Disconnecting com.mojang.authlib.GameProfile@17618b05[id=<null>,name=camilxdk1,properties={},legacy=false] (/127.251.208.206:57677): Took too long to log in
[15Jun2025 00:13:55.018] [Server thread/INFO] [net.minecraft.server.network.ServerLoginPacketListenerImpl/]: com.mojang.authlib.GameProfile@17618b05[id=<null>,name=camilxdk1,properties={},legacy=false] (/127.251.208.206:57677) lost connection: Took too long to log in
[15Jun2025 00:13:55.070] [Server thread/WARN] [net.minecraft.network.Connection/]: handleDisconnection() called twice
[15Jun2025 00:14:03.416] [Server thread/WARN] [net.minecraft.server.network.ServerGamePacketListenerImpl/]: Spectral Steed (vehicle of Zairac74509) moved wrongly! 0.3911617759443118
[15Jun2025 00:14:03.466] [Server thread/WARN] [net.minecraft.server.network.ServerGamePacketListenerImpl/]: Spectral Steed (vehicle of Zairac74509) moved wrongly! 0.6242434919155926
[15Jun2025 00:14:03.491] [Server thread/WARN] [net.minecraft.server.network.ServerGamePacketListenerImpl/]: Spectral Steed (vehicle of Zairac74509) moved wrongly! 1.0
[15Jun2025 00:14:03.544] [Server thread/WARN] [net.minecraft.server.network.ServerGamePacketListenerImpl/]: Spectral Steed (vehicle of Zairac74509) moved wrongly! 1.0
[15Jun2025 00:14:03.593] [Server thread/WARN] [net.minecraft.server.network.ServerGamePacketListenerImpl/]: Spectral Steed (vehicle of Zairac74509) moved wrongly! 1.0
[15Jun2025 00:14:13.197] [Server thread/WARN] [net.minecraft.server.network.ServerGamePacketListenerImpl/]: Spectral Steed (vehicle of Zairac74509) moved wrongly! 0.3892694401438348
[15Jun2025 00:14:13.319] [Server thread/WARN] [net.minecraft.server.network.ServerGamePacketListenerImpl/]: Spectral Steed (vehicle of Zairac74509) moved wrongly! 0.3769039684270439
[15Jun2025 00:14:13.345] [Server thread/WARN] [net.minecraft.server.network.ServerGamePacketListenerImpl/]: Spectral Steed (vehicle of Zairac74509) moved wrongly! 0.9179954048632055
[15Jun2025 00:14:13.393] [Server thread/WARN] [net.minecraft.server.network.ServerGamePacketListenerImpl/]: Spectral Steed (vehicle of Zairac74509) moved wrongly! 1.4285228586356027
[15Jun2025 00:14:13.466] [Server thread/WARN] [net.minecraft.server.network.ServerGamePacketListenerImpl/]: Spectral Steed (vehicle of Zairac74509) moved wrongly! 1.8920421797781728
[15Jun2025 00:14:13.518] [Server thread/WARN] [net.minecraft.server.network.ServerGamePacketListenerImpl/]: Spectral Steed (vehicle of Zairac74509) moved wrongly! 2.330408386391568
[15Jun2025 00:14:13.546] [Server thread/WARN] [net.minecraft.server.network.ServerGamePacketListenerImpl/]: Spectral Steed (vehicle of Zairac74509) moved wrongly! 0.7553156629194007
[15Jun2025 00:14:13.619] [Server thread/WARN] [net.minecraft.server.network.ServerGamePacketListenerImpl/]: Spectral Steed (vehicle of Zairac74509) moved wrongly! 1.1730213343005715
[15Jun2025 00:14:13.643] [Server thread/WARN] [net.minecraft.server.network.ServerGamePacketListenerImpl/]: Spectral Steed (vehicle of Zairac74509) moved wrongly! 1.5868735703522816
[15Jun2025 00:14:13.716] [Server thread/WARN] [net.minecraft.server.network.ServerGamePacketListenerImpl/]: Spectral Steed (vehicle of Zairac74509) moved wrongly! 1.9986639099884087
[15Jun2025 00:14:13.770] [Server thread/WARN] [net.minecraft.server.network.ServerGamePacketListenerImpl/]: Spectral Steed (vehicle of Zairac74509) moved wrongly! 3.4093509699623326
[15Jun2025 00:14:13.819] [Server thread/WARN] [net.minecraft.server.network.ServerGamePacketListenerImpl/]: Spectral Steed (vehicle of Zairac74509) moved wrongly! 4.819447686986038
[15Jun2025 00:14:13.846] [Server thread/WARN] [net.minecraft.server.network.ServerGamePacketListenerImpl/]: Spectral Steed (vehicle of Zairac74509) moved too quickly! 9.190380143987113,3.0,-5.235459562449506
[15Jun2025 00:14:13.917] [Server thread/WARN] [net.minecraft.server.network.ServerGamePacketListenerImpl/]: Spectral Steed (vehicle of Zairac74509) moved too quickly! 10.033538119390073,3.0,-5.668959202942531
[15Jun2025 00:14:13.944] [Server thread/WARN] [net.minecraft.server.network.ServerGamePacketListenerImpl/]: Spectral Steed (vehicle of Zairac74509) moved too quickly! 10.868632518291179,3.0,-6.117879534581434
[15Jun2025 00:14:14.015] [Server thread/WARN] [net.minecraft.server.network.ServerGamePacketListenerImpl/]: Spectral Steed (vehicle of Zairac74509) moved too quickly! 11.699412258176494,3.0,-6.575051170597092
[15Jun2025 00:14:14.066] [Server thread/WARN] [net.minecraft.server.network.ServerGamePacketListenerImpl/]: Spectral Steed (vehicle of Zairac74509) moved too quickly! 12.527883310047514,3.0,-7.036637915071495
[15Jun2025 00:14:14.095] [Server thread/WARN] [net.minecraft.server.network.ServerGamePacketListenerImpl/]: Spectral Steed (vehicle of Zairac74509) moved too quickly! 13.355119028992362,3.0,-7.500587096054403
[15Jun2025 00:14:14.149] [Server thread/WARN] [net.minecraft.server.network.ServerGamePacketListenerImpl/]: Spectral Steed (vehicle of Zairac74509) moved too quickly! 14.17938431515654,3.0,-7.969837266984413
[15Jun2025 00:14:14.196] [Server thread/WARN] [net.minecraft.server.network.ServerGamePacketListenerImpl/]: Spectral Steed (vehicle of Zairac74509) moved too quickly! 14.995546782348924,3.0,-8.452807411994627
[15Jun2025 00:14:14.245] [Server thread/WARN] [net.minecraft.server.network.ServerGamePacketListenerImpl/]: Spectral Steed (vehicle of Zairac74509) moved too quickly! 15.801176593394416,3.0,-8.952856386235354
[15Jun2025 00:14:14.319] [Server thread/WARN] [net.minecraft.server.network.ServerGamePacketListenerImpl/]: Spectral Steed (vehicle of Zairac74509) moved too quickly! 16.592734894783803,4.0,-9.47445771939671
[15Jun2025 00:14:14.368] [Server thread/WARN] [net.minecraft.server.network.ServerGamePacketListenerImpl/]: Spectral Steed (vehicle of Zairac74509) moved too quickly! 17.36722043934776,4.0,-10.02062021847594
[15Jun2025 00:14:14.418] [Server thread/WARN] [net.minecraft.server.network.ServerGamePacketListenerImpl/]: Spectral Steed (vehicle of Zairac74509) moved too quickly! 18.124718695881143,4.0,-10.589939687119127
[15Jun2025 00:14:14.469] [Server thread/WARN] [net.minecraft.server.network.ServerGamePacketListenerImpl/]: Spectral Steed (vehicle of Zairac74509) moved too quickly! 18.87312739327922,4.0,-11.17164998847582
[15Jun2025 00:14:14.492] [Server thread/WARN] [net.minecraft.server.network.ServerGamePacketListenerImpl/]: Spectral Steed (vehicle of Zairac74509) moved too quickly! 19.61667244881039,4.0,-11.759990377370954
[15Jun2025 00:14:14.570] [Server thread/WARN] [net.minecraft.server.network.ServerGamePacketListenerImpl/]: Spectral Steed (vehicle of Zairac74509) moved too quickly! 20.356175979883574,4.0,-12.353650887745033
[15Jun2025 00:14:14.620] [Server thread/WARN] [net.minecraft.server.network.ServerGamePacketListenerImpl/]: Spectral Steed (vehicle of Zairac74509) moved too quickly! 21.084580587421897,4.0,-12.960762113803668
[15Jun2025 00:14:14.669] [Server thread/WARN] [net.minecraft.server.network.ServerGamePacketListenerImpl/]: Spectral Steed (vehicle of Zairac74509) moved too quickly! 21.803244058116206,4.0,-13.57938397193874
[15Jun2025 00:14:14.722] [Server thread/WARN] [net.minecraft.server.network.ServerGamePacketListenerImpl/]: Spectral Steed (vehicle of Zairac74509) moved too quickly! 22.51669524070269,4.0,-14.204164939800648
[15Jun2025 00:14:14.770] [Server thread/WARN] [net.minecraft.server.network.ServerGamePacketListenerImpl/]: Spectral Steed (vehicle of Zairac74509) moved too quickly! 23.22735743184444,4.0,-14.832241524478007
[15Jun2025 00:14:14.825] [Server thread/WARN] [net.minecraft.server.network.ServerGamePacketListenerImpl/]: Spectral Steed (vehicle of Zairac74509) moved too quickly! 23.919063788059134,4.0,-15.480535288440421
[15Jun2025 00:14:14.890] [Server thread/WARN] [net.minecraft.server.network.ServerGamePacketListenerImpl/]: Spectral Steed (vehicle of Zairac74509) moved wrongly! 0.43588019173921566
[15Jun2025 00:14:14.967] [Server thread/WARN] [net.minecraft.server.network.ServerGamePacketListenerImpl/]: Spectral Steed (vehicle of Zairac74509) moved wrongly! 0.3720365498144531
[15Jun2025 00:14:15.168] [Server thread/WARN] [net.minecraft.server.network.ServerGamePacketListenerImpl/]: Spectral Steed (vehicle of Zairac74509) moved wrongly! 0.31948042031102375
[15Jun2025 00:14:15.268] [Server thread/WARN] [net.minecraft.server.network.ServerGamePacketListenerImpl/]: Spectral Steed (vehicle of Zairac74509) moved wrongly! 0.26760749042583143
[15Jun2025 00:14:15.318] [Server thread/WARN] [net.minecraft.server.network.ServerGamePacketListenerImpl/]: Spectral Steed (vehicle of Zairac74509) moved wrongly! 0.8119785100221861
[15Jun2025 00:14:15.367] [Server thread/WARN] [net.minecraft.server.network.ServerGamePacketListenerImpl/]: Spectral Steed (vehicle of Zairac74509) moved wrongly! 1.3721713914027163
[15Jun2025 00:14:15.417] [Server thread/WARN] [net.minecraft.server.network.ServerGamePacketListenerImpl/]: Spectral Steed (vehicle of Zairac74509) moved wrongly! 1.9417341201533844
[15Jun2025 00:14:15.468] [Server thread/WARN] [net.minecraft.server.network.ServerGamePacketListenerImpl/]: Spectral Steed (vehicle of Zairac74509) moved wrongly! 0.5163104674172132
